<?xml version="1.0" encoding="UTF-8"?>
<testng-results ignored="0" total="1" passed="1" failed="0" skipped="0">
  <reporter-output>
  </reporter-output>
  <suite started-at="2026-01-06T22:24:11 IST" name="Quiz Application Test Suite" finished-at="2026-01-06T22:24:44 IST" duration-ms="32997">
    <groups>
    </groups>
    <test started-at="2026-01-06T22:24:11 IST" name="Quiz Application Tests" finished-at="2026-01-06T22:24:44 IST" duration-ms="32997">
      <class name="com.quizapp.tests.QuizApplicationTest">
        <test-method is-config="true" signature="loadConfiguration()[pri:0, instance:com.quizapp.tests.QuizApplicationTest@23bff419]" started-at="2026-01-06T22:24:11 IST" name="loadConfiguration" finished-at="2026-01-06T22:24:11 IST" duration-ms="32" status="PASS">
          <reporter-output>
          </reporter-output>
        </test-method> <!-- loadConfiguration -->
        <test-method is-config="true" signature="setUp()[pri:0, instance:com.quizapp.tests.QuizApplicationTest@23bff419]" started-at="2026-01-06T22:24:11 IST" name="setUp" finished-at="2026-01-06T22:24:15 IST" duration-ms="4268" status="PASS">
          <reporter-output>
          </reporter-output>
        </test-method> <!-- setUp -->
        <test-method signature="testCompleteQuizFlow()[pri:0, instance:com.quizapp.tests.QuizApplicationTest@23bff419]" started-at="2026-01-06T22:24:15 IST" name="testCompleteQuizFlow" description="Complete Quiz Test with Score Verification" finished-at="2026-01-06T22:24:33 IST" duration-ms="18015" status="PASS">
          <reporter-output>
          </reporter-output>
        </test-method> <!-- testCompleteQuizFlow -->
        <test-method is-config="true" signature="captureScreenshot(org.testng.ITestResult)[pri:0, instance:com.quizapp.tests.QuizApplicationTest@23bff419]" started-at="2026-01-06T22:24:33 IST" name="captureScreenshot" finished-at="2026-01-06T22:24:33 IST" duration-ms="242" status="PASS">
          <params>
            <param index="0">
              <value>
                <![CDATA[[TestResult name=testCompleteQuizFlow status=SUCCESS method=QuizApplicationTest.testCompleteQuizFlow()[pri:0, instance:com.quizapp.tests.QuizApplicationTest@23bff419] output={null}]]]>
              </value>
            </param>
          </params>
          <reporter-output>
          </reporter-output>
        </test-method> <!-- captureScreenshot -->
        <test-method is-config="true" signature="tearDown()[pri:0, instance:com.quizapp.tests.QuizApplicationTest@23bff419]" started-at="2026-01-06T22:24:33 IST" name="tearDown" finished-at="2026-01-06T22:24:44 IST" duration-ms="10415" status="PASS">
          <reporter-output>
          </reporter-output>
        </test-method> <!-- tearDown -->
        <test-method is-config="true" signature="generateSummary()[pri:0, instance:com.quizapp.tests.QuizApplicationTest@23bff419]" started-at="2026-01-06T22:24:44 IST" name="generateSummary" finished-at="2026-01-06T22:24:44 IST" duration-ms="1" status="PASS">
          <reporter-output>
          </reporter-output>
        </test-method> <!-- generateSummary -->
      </class> <!-- com.quizapp.tests.QuizApplicationTest -->
    </test> <!-- Quiz Application Tests -->
  </suite> <!-- Quiz Application Test Suite -->
</testng-results>
